2025-05-09 00:07:57.205 [Thread-9] WARN  com.alibaba.nacos.common.notify.NotifyCenter - [NotifyCenter] Start destroying Publisher
2025-05-09 00:07:57.205 [Thread-2] WARN  c.alibaba.nacos.common.http.HttpClientBeanHolder - [HttpClientBeanHolder] Start destroying common HttpClient
2025-05-09 00:07:57.205 [Thread-9] WARN  com.alibaba.nacos.common.notify.NotifyCenter - [NotifyCenter] Destruction of the end
2025-05-09 00:07:57.205 [Thread-2] WARN  c.alibaba.nacos.common.http.HttpClientBeanHolder - [HttpClientBeanHolder] Destruction of the end
2025-05-09 00:07:57.268 [SpringApplicationShutdownHook] INFO  c.a.cloud.nacos.registry.NacosServiceRegistry - De-registering from Nacos Server now...
2025-05-09 00:07:57.268 [SpringApplicationShutdownHook] INFO  com.alibaba.nacos.client.naming - [DEREGISTER-SERVICE] heartverse deregistering service heartverse-auth with instance: Instance{instanceId='null', ip='192.168.56.1', port=8080, weight=1.0, healthy=true, enabled=true, ephemeral=true, clusterName='DEFAULT', serviceName='null', metadata={}}
2025-05-09 00:07:57.268 [SpringApplicationShutdownHook] INFO  c.a.cloud.nacos.registry.NacosServiceRegistry - De-registration finished.
2025-05-09 00:07:57.268 [SpringApplicationShutdownHook] INFO  com.alibaba.nacos.client.naming - com.alibaba.nacos.client.naming.cache.ServiceInfoHolder do shutdown begin
2025-05-09 00:07:57.268 [SpringApplicationShutdownHook] INFO  com.alibaba.nacos.client.naming - com.alibaba.nacos.client.naming.backups.FailoverReactor do shutdown begin
2025-05-09 00:07:57.268 [SpringApplicationShutdownHook] INFO  com.alibaba.nacos.client.naming - com.alibaba.nacos.client.naming.backups.FailoverReactor do shutdown stop
2025-05-09 00:07:57.268 [SpringApplicationShutdownHook] INFO  com.alibaba.nacos.client.naming - com.alibaba.nacos.client.naming.cache.ServiceInfoHolder do shutdown stop
2025-05-09 00:07:57.268 [SpringApplicationShutdownHook] INFO  com.alibaba.nacos.client.naming - com.alibaba.nacos.client.naming.remote.NamingClientProxyDelegate do shutdown begin
2025-05-09 00:07:57.268 [SpringApplicationShutdownHook] INFO  com.alibaba.nacos.client.naming - com.alibaba.nacos.client.naming.core.ServiceInfoUpdateService do shutdown begin
2025-05-09 00:07:57.268 [SpringApplicationShutdownHook] INFO  com.alibaba.nacos.client.naming - com.alibaba.nacos.client.naming.core.ServiceInfoUpdateService do shutdown stop
2025-05-09 00:07:57.268 [SpringApplicationShutdownHook] INFO  com.alibaba.nacos.client.naming - com.alibaba.nacos.client.naming.core.ServerListManager do shutdown begin
2025-05-09 00:07:57.268 [SpringApplicationShutdownHook] WARN  com.alibaba.nacos.client.naming - [NamingHttpClientManager] Start destroying NacosRestTemplate
2025-05-09 00:07:57.268 [SpringApplicationShutdownHook] WARN  com.alibaba.nacos.client.naming - [NamingHttpClientManager] Destruction of the end
2025-05-09 00:07:57.268 [SpringApplicationShutdownHook] INFO  com.alibaba.nacos.client.naming - com.alibaba.nacos.client.naming.core.ServerListManager do shutdown stop
2025-05-09 00:07:57.268 [SpringApplicationShutdownHook] INFO  com.alibaba.nacos.client.naming - com.alibaba.nacos.client.naming.remote.http.NamingHttpClientProxy do shutdown begin
2025-05-09 00:07:57.268 [SpringApplicationShutdownHook] WARN  com.alibaba.nacos.client.naming - [NamingHttpClientManager] Start destroying NacosRestTemplate
2025-05-09 00:07:57.268 [SpringApplicationShutdownHook] WARN  com.alibaba.nacos.client.naming - [NamingHttpClientManager] Destruction of the end
2025-05-09 00:07:57.268 [SpringApplicationShutdownHook] INFO  com.alibaba.nacos.client.naming - com.alibaba.nacos.client.naming.remote.http.NamingHttpClientProxy do shutdown stop
2025-05-09 00:07:57.268 [SpringApplicationShutdownHook] INFO  com.alibaba.nacos.common.remote.client - Shutdown rpc client, set status to shutdown
2025-05-09 00:07:57.268 [SpringApplicationShutdownHook] INFO  com.alibaba.nacos.common.remote.client - Shutdown client event executor java.util.concurrent.ScheduledThreadPoolExecutor@25c6fe8a[Running, pool size = 2, active threads = 2, queued tasks = 0, completed tasks = 0]
2025-05-09 00:07:57.268 [SpringApplicationShutdownHook] INFO  com.alibaba.nacos.common.remote.client - Close current connection 1746718823201_127.0.0.1_57050
2025-05-09 00:07:57.268 [nacos-grpc-client-executor-127.0.0.1-343] INFO  c.a.nacos.common.remote.client.grpc.GrpcClient - [1746718823201_127.0.0.1_57050]Ignore complete event,isRunning:false,isAbandon=false
2025-05-09 00:07:57.284 [SpringApplicationShutdownHook] INFO  c.a.nacos.common.remote.client.grpc.GrpcClient - Shutdown grpc executor java.util.concurrent.ThreadPoolExecutor@b258014[Running, pool size = 4, active threads = 0, queued tasks = 0, completed tasks = 344]
2025-05-09 00:07:57.286 [SpringApplicationShutdownHook] INFO  com.alibaba.nacos.client.naming - Shutdown grpc redo service executor java.util.concurrent.ScheduledThreadPoolExecutor@4eeaec53[Running, pool size = 1, active threads = 0, queued tasks = 1, completed tasks = 549]
2025-05-09 00:07:57.286 [SpringApplicationShutdownHook] INFO  c.a.n.client.auth.ram.identify.CredentialWatcher - [null] CredentialWatcher is stopped
2025-05-09 00:07:57.286 [SpringApplicationShutdownHook] INFO  c.a.n.client.auth.ram.identify.CredentialService - [null] CredentialService is freed
2025-05-09 00:07:57.286 [SpringApplicationShutdownHook] INFO  com.alibaba.nacos.client.naming - com.alibaba.nacos.client.naming.remote.NamingClientProxyDelegate do shutdown stop
2025-05-09 00:07:57.415 [SpringApplicationShutdownHook] INFO  com.alibaba.druid.pool.DruidDataSource - {dataSource-1} closing ...
2025-05-09 00:07:57.415 [SpringApplicationShutdownHook] INFO  com.alibaba.druid.pool.DruidDataSource - {dataSource-1} closed
2025-05-09 00:12:25.840 [main] WARN  com.alibaba.nacos.client.logging.NacosLogging - Load Logback Configuration of Nacos fail, message: Could not initialize Logback Nacos logging from classpath:nacos-logback.xml
2025-05-09 00:12:25.894 [main] WARN  com.alibaba.nacos.client.logging.NacosLogging - Load Logback Configuration of Nacos fail, message: Could not initialize Logback Nacos logging from classpath:nacos-logback.xml
2025-05-09 00:12:26.128 [main] WARN  com.alibaba.nacos.client.logging.NacosLogging - Load Logback Configuration of Nacos fail, message: Could not initialize Logback Nacos logging from classpath:nacos-logback.xml
2025-05-09 00:12:26.130 [main] INFO  com.alibaba.nacos.client.utils.ParamUtil - [settings] [req-serv] nacos-server port:8848
2025-05-09 00:12:26.130 [main] INFO  com.alibaba.nacos.client.utils.ParamUtil - [settings] [http-client] connect timeout:1000
2025-05-09 00:12:26.131 [main] INFO  com.alibaba.nacos.client.utils.ParamUtil - PER_TASK_CONFIG_SIZE: 3000.0
2025-05-09 00:12:26.159 [main] INFO  c.a.n.p.auth.spi.client.ClientAuthPluginManager - [ClientAuthPluginManager] Load ClientAuthService com.alibaba.nacos.client.auth.impl.NacosClientAuthServiceImpl success.
2025-05-09 00:12:26.159 [main] INFO  c.a.n.p.auth.spi.client.ClientAuthPluginManager - [ClientAuthPluginManager] Load ClientAuthService com.alibaba.nacos.client.auth.ram.RamClientAuthServiceImpl success.
2025-05-09 00:12:26.162 [main] INFO  c.a.n.client.auth.ram.identify.CredentialWatcher - null No credential found
2025-05-09 00:12:27.956 [main] WARN  com.alibaba.nacos.client.logging.NacosLogging - Load Logback Configuration of Nacos fail, message: Could not initialize Logback Nacos logging from classpath:nacos-logback.xml
2025-05-09 00:12:27.968 [main] INFO  c.a.n.client.config.impl.LocalConfigInfoProcessor - LOCAL_SNAPSHOT_PATH:C:\Users\86150\nacos\config
2025-05-09 00:12:27.972 [main] INFO  com.alibaba.nacos.common.remote.client - [RpcClientFactory] create a new rpc client of 6d50bb86-41c0-4f07-a355-2f05dba90b29_config-0
2025-05-09 00:12:27.987 [main] INFO  com.alibaba.nacos.common.remote.client - [6d50bb86-41c0-4f07-a355-2f05dba90b29_config-0] Register server push request handler:com.alibaba.nacos.client.config.impl.ClientWorker$ConfigRpcTransportClient$$Lambda$585/0x0000016a2833b878
2025-05-09 00:12:27.988 [main] INFO  com.alibaba.nacos.common.remote.client - [6d50bb86-41c0-4f07-a355-2f05dba90b29_config-0] Register server push request handler:com.alibaba.nacos.client.config.impl.ClientWorker$ConfigRpcTransportClient$$Lambda$586/0x0000016a2833bc98
2025-05-09 00:12:27.988 [main] INFO  com.alibaba.nacos.common.remote.client - [6d50bb86-41c0-4f07-a355-2f05dba90b29_config-0] Registry connection listener to current client:com.alibaba.nacos.client.config.impl.ClientWorker$ConfigRpcTransportClient$1
2025-05-09 00:12:27.989 [main] INFO  com.alibaba.nacos.common.remote.client - [6d50bb86-41c0-4f07-a355-2f05dba90b29_config-0] RpcClient init, ServerListFactory = com.alibaba.nacos.client.config.impl.ClientWorker$ConfigRpcTransportClient$2
2025-05-09 00:12:27.998 [main] INFO  com.alibaba.nacos.common.remote.client - [6d50bb86-41c0-4f07-a355-2f05dba90b29_config-0] Try to connect to server on start up, server: {serverIp = '127.0.0.1', server main port = 8848}
2025-05-09 00:12:28.030 [main] INFO  c.a.nacos.common.remote.client.grpc.GrpcClient - grpc client connection server:127.0.0.1 ip,serverPort:9848,grpcTslConfig:{"sslProvider":"OPENSSL","enableTls":false,"mutualAuthEnable":false,"trustAll":false}
2025-05-09 00:12:29.845 [main] INFO  com.alibaba.nacos.common.remote.client - [6d50bb86-41c0-4f07-a355-2f05dba90b29_config-0] Success to connect to server [127.0.0.1:8848] on start up, connectionId = 1746720749640_127.0.0.1_60358
2025-05-09 00:12:29.845 [com.alibaba.nacos.client.remote.worker] INFO  com.alibaba.nacos.common.remote.client - [6d50bb86-41c0-4f07-a355-2f05dba90b29_config-0] Notify connected event to listeners.
2025-05-09 00:12:29.846 [com.alibaba.nacos.client.remote.worker] INFO  com.alibaba.nacos.client.config.impl.ClientWorker - [6d50bb86-41c0-4f07-a355-2f05dba90b29_config-0] Connected,notify listen context...
2025-05-09 00:12:29.846 [main] INFO  com.alibaba.nacos.common.remote.client - [6d50bb86-41c0-4f07-a355-2f05dba90b29_config-0] Register server push request handler:com.alibaba.nacos.common.remote.client.RpcClient$ConnectResetRequestHandler
2025-05-09 00:12:29.846 [main] INFO  com.alibaba.nacos.common.remote.client - [6d50bb86-41c0-4f07-a355-2f05dba90b29_config-0] Register server push request handler:com.alibaba.nacos.common.remote.client.RpcClient$$Lambda$606/0x0000016a28449678
2025-05-09 00:12:29.893 [main] INFO  com.alibaba.nacos.client.config.impl.Limiter - limitTime:5.0
2025-05-09 00:12:29.918 [main] INFO  com.alibaba.nacos.client.config.utils.JvmUtil - isMultiInstance:false
2025-05-09 00:12:29.932 [main] WARN  c.a.cloud.nacos.client.NacosPropertySourceBuilder - Ignore the empty nacos configuration and get it based on dataId[heartverse-auth.yaml] & group[DEFAULT_GROUP]
2025-05-09 00:12:29.940 [main] INFO  o.s.c.b.c.PropertySourceBootstrapConfiguration - Located property source: [BootstrapPropertySource {name='bootstrapProperties-heartverse-auth-dev.yaml,DEFAULT_GROUP'}, BootstrapPropertySource {name='bootstrapProperties-heartverse-auth.yaml,DEFAULT_GROUP'}, BootstrapPropertySource {name='bootstrapProperties-heartverse-auth,DEFAULT_GROUP'}]
2025-05-09 00:12:29.969 [main] WARN  com.alibaba.nacos.client.logging.NacosLogging - Load Logback Configuration of Nacos fail, message: Could not initialize Logback Nacos logging from classpath:nacos-logback.xml
2025-05-09 00:12:29.970 [main] INFO  com.yyt.heartverse.auth.HeartverseAuthApplication - The following 1 profile is active: "dev"
2025-05-09 00:12:30.843 [main] INFO  o.s.d.r.config.RepositoryConfigurationDelegate - Multiple Spring Data modules found, entering strict repository configuration mode
2025-05-09 00:12:30.847 [main] INFO  o.s.d.r.config.RepositoryConfigurationDelegate - Bootstrapping Spring Data Redis repositories in DEFAULT mode.
2025-05-09 00:12:30.898 [main] INFO  o.s.d.r.config.RepositoryConfigurationDelegate - Finished Spring Data repository scanning in 27 ms. Found 0 Redis repository interfaces.
2025-05-09 00:12:31.126 [main] INFO  o.springframework.cloud.context.scope.GenericScope - BeanFactory id=c294bec1-b67f-3814-ad38-9728d5f65a40
2025-05-09 00:12:31.746 [main] INFO  o.s.boot.web.embedded.tomcat.TomcatWebServer - Tomcat initialized with port(s): 8080 (http)
2025-05-09 00:12:31.760 [main] INFO  org.apache.catalina.core.StandardService - Starting service [Tomcat]
2025-05-09 00:12:31.760 [main] INFO  org.apache.catalina.core.StandardEngine - Starting Servlet engine: [Apache Tomcat/10.1.5]
2025-05-09 00:12:31.875 [main] INFO  o.a.c.core.ContainerBase.[Tomcat].[localhost].[/] - Initializing Spring embedded WebApplicationContext
2025-05-09 00:12:31.877 [main] INFO  o.s.b.w.s.c.ServletWebServerApplicationContext - Root WebApplicationContext: initialization completed in 1890 ms
2025-05-09 00:12:32.003 [main] INFO  c.a.d.s.b.a.DruidDataSourceAutoConfigure - Init DruidDataSource
2025-05-09 00:12:32.429 [main] INFO  com.alibaba.druid.pool.DruidDataSource - {dataSource-1} inited
2025-05-09 00:12:35.110 [main] INFO  org.springframework.cloud.commons.util.InetUtils - Cannot determine local hostname
2025-05-09 00:12:37.638 [main] INFO  org.springframework.cloud.commons.util.InetUtils - Cannot determine local hostname
2025-05-09 00:12:37.717 [main] INFO  o.s.boot.web.embedded.tomcat.TomcatWebServer - Tomcat started on port(s): 8080 (http) with context path ''
2025-05-09 00:12:37.717 [main] INFO  com.alibaba.nacos.client.naming - initializer namespace from ans.namespace attribute : null
2025-05-09 00:12:37.717 [main] INFO  com.alibaba.nacos.client.naming - initializer namespace from ALIBABA_ALIWARE_NAMESPACE attribute :null
2025-05-09 00:12:37.717 [main] INFO  com.alibaba.nacos.client.naming - initializer namespace from namespace attribute :null
2025-05-09 00:12:37.730 [main] INFO  c.a.n.p.auth.spi.client.ClientAuthPluginManager - [ClientAuthPluginManager] Load ClientAuthService com.alibaba.nacos.client.auth.impl.NacosClientAuthServiceImpl success.
2025-05-09 00:12:37.730 [main] INFO  c.a.n.p.auth.spi.client.ClientAuthPluginManager - [ClientAuthPluginManager] Load ClientAuthService com.alibaba.nacos.client.auth.ram.RamClientAuthServiceImpl success.
2025-05-09 00:12:37.732 [main] INFO  com.alibaba.nacos.common.remote.client - [RpcClientFactory] create a new rpc client of 92aa2ceb-6c87-4401-9992-5bd6372a7e25
2025-05-09 00:12:37.732 [main] INFO  com.alibaba.nacos.common.remote.client - [92aa2ceb-6c87-4401-9992-5bd6372a7e25] RpcClient init, ServerListFactory = com.alibaba.nacos.client.naming.core.ServerListManager
2025-05-09 00:12:37.732 [main] INFO  com.alibaba.nacos.common.remote.client - [92aa2ceb-6c87-4401-9992-5bd6372a7e25] Registry connection listener to current client:com.alibaba.nacos.client.naming.remote.gprc.redo.NamingGrpcRedoService
2025-05-09 00:12:37.732 [main] INFO  com.alibaba.nacos.common.remote.client - [92aa2ceb-6c87-4401-9992-5bd6372a7e25] Register server push request handler:com.alibaba.nacos.client.naming.remote.gprc.NamingPushRequestHandler
2025-05-09 00:12:37.732 [main] INFO  com.alibaba.nacos.common.remote.client - [92aa2ceb-6c87-4401-9992-5bd6372a7e25] Try to connect to server on start up, server: {serverIp = '127.0.0.1', server main port = 8848}
2025-05-09 00:12:37.732 [main] INFO  c.a.nacos.common.remote.client.grpc.GrpcClient - grpc client connection server:127.0.0.1 ip,serverPort:9848,grpcTslConfig:{"sslProvider":"OPENSSL","enableTls":false,"mutualAuthEnable":false,"trustAll":false}
2025-05-09 00:12:37.858 [main] INFO  com.alibaba.nacos.common.remote.client - [92aa2ceb-6c87-4401-9992-5bd6372a7e25] Success to connect to server [127.0.0.1:8848] on start up, connectionId = 1746720757732_127.0.0.1_60370
2025-05-09 00:12:37.858 [main] INFO  com.alibaba.nacos.common.remote.client - [92aa2ceb-6c87-4401-9992-5bd6372a7e25] Register server push request handler:com.alibaba.nacos.common.remote.client.RpcClient$ConnectResetRequestHandler
2025-05-09 00:12:37.858 [com.alibaba.nacos.client.remote.worker] INFO  com.alibaba.nacos.common.remote.client - [92aa2ceb-6c87-4401-9992-5bd6372a7e25] Notify connected event to listeners.
2025-05-09 00:12:37.858 [main] INFO  com.alibaba.nacos.common.remote.client - [92aa2ceb-6c87-4401-9992-5bd6372a7e25] Register server push request handler:com.alibaba.nacos.common.remote.client.RpcClient$$Lambda$606/0x0000016a28449678
2025-05-09 00:12:37.858 [com.alibaba.nacos.client.remote.worker] INFO  com.alibaba.nacos.client.naming - Grpc connection connect
2025-05-09 00:12:37.859 [main] INFO  com.alibaba.nacos.client.naming - [REGISTER-SERVICE] heartverse registering service heartverse-auth with instance Instance{instanceId='null', ip='192.168.56.1', port=8080, weight=1.0, healthy=true, enabled=true, ephemeral=true, clusterName='DEFAULT', serviceName='null', metadata={IPv6=null, preserved.register.source=SPRING_CLOUD}}
2025-05-09 00:12:37.871 [main] INFO  c.a.cloud.nacos.registry.NacosServiceRegistry - nacos registry, DEFAULT_GROUP heartverse-auth 192.168.56.1:8080 register finished
2025-05-09 00:12:39.623 [main] INFO  org.springframework.cloud.commons.util.InetUtils - Cannot determine local hostname
2025-05-09 00:12:39.639 [main] INFO  com.yyt.heartverse.auth.HeartverseAuthApplication - Started HeartverseAuthApplication in 16.036 seconds (process running for 17.33)
2025-05-09 00:12:39.639 [main] INFO  c.y.h.auth.runner.PushRolePermissions2RedisRunner - ==> 服务启动，开始同步角色权限数据到 Redis 中...
2025-05-09 00:12:40.103 [main] WARN  c.y.h.auth.runner.PushRolePermissions2RedisRunner - ==> 角色权限数据已经同步至 Redis 中，不再同步...
2025-05-09 00:12:40.103 [main] INFO  com.alibaba.nacos.client.config.impl.CacheData - nacos.cache.data.init.snapshot = true 
2025-05-09 00:12:40.103 [main] INFO  com.alibaba.nacos.client.config.impl.ClientWorker - [fixed-heartverse-127.0.0.1_8848] [subscribe] heartverse-auth.yaml+DEFAULT_GROUP+heartverse
2025-05-09 00:12:40.119 [main] INFO  com.alibaba.nacos.client.config.impl.CacheData - [fixed-heartverse-127.0.0.1_8848] [add-listener] ok, tenant=heartverse, dataId=heartverse-auth.yaml, group=DEFAULT_GROUP, cnt=1
2025-05-09 00:12:40.119 [main] INFO  c.a.cloud.nacos.refresh.NacosContextRefresher - [Nacos Config] Listening config: dataId=heartverse-auth.yaml, group=DEFAULT_GROUP
2025-05-09 00:12:40.119 [main] INFO  com.alibaba.nacos.client.config.impl.ClientWorker - [fixed-heartverse-127.0.0.1_8848] [subscribe] heartverse-auth+DEFAULT_GROUP+heartverse
2025-05-09 00:12:40.119 [main] INFO  com.alibaba.nacos.client.config.impl.CacheData - [fixed-heartverse-127.0.0.1_8848] [add-listener] ok, tenant=heartverse, dataId=heartverse-auth, group=DEFAULT_GROUP, cnt=1
2025-05-09 00:12:40.119 [main] INFO  c.a.cloud.nacos.refresh.NacosContextRefresher - [Nacos Config] Listening config: dataId=heartverse-auth, group=DEFAULT_GROUP
2025-05-09 00:12:40.119 [main] INFO  com.alibaba.nacos.client.config.impl.ClientWorker - [fixed-heartverse-127.0.0.1_8848] [subscribe] heartverse-auth-dev.yaml+DEFAULT_GROUP+heartverse
2025-05-09 00:12:40.119 [main] INFO  com.alibaba.nacos.client.config.impl.CacheData - [fixed-heartverse-127.0.0.1_8848] [add-listener] ok, tenant=heartverse, dataId=heartverse-auth-dev.yaml, group=DEFAULT_GROUP, cnt=1
2025-05-09 00:12:40.119 [main] INFO  c.a.cloud.nacos.refresh.NacosContextRefresher - [Nacos Config] Listening config: dataId=heartverse-auth-dev.yaml, group=DEFAULT_GROUP
2025-05-09 00:12:45.400 [http-nio-8080-exec-2] INFO  o.a.c.core.ContainerBase.[Tomcat].[localhost].[/] - Initializing Spring DispatcherServlet 'dispatcherServlet'
2025-05-09 00:12:45.400 [http-nio-8080-exec-2] INFO  org.springframework.web.servlet.DispatcherServlet - Initializing Servlet 'dispatcherServlet'
2025-05-09 00:12:45.402 [http-nio-8080-exec-2] INFO  org.springframework.web.servlet.DispatcherServlet - Completed initialization in 2 ms
2025-05-09 00:12:45.411 [http-nio-8080-exec-2] INFO  c.y.h.auth.filter.HeaderUserId2ContextFilter - ## HeaderUserId2ContextFilter, 用户 ID: null
2025-05-09 00:12:45.510 [http-nio-8080-exec-2] INFO  c.y.f.b.operationlog.aspect.ApiOperationLogAspect - ====== 请求开始: [发送短信验证码], 入参: {"phone":"15062396748"}, 请求类: VerificationCodeController, 请求方法: send =================================== 
2025-05-09 00:12:45.517 [http-nio-8080-exec-2] INFO  c.y.h.a.service.impl.VerificationCodeServiceImpl - ==> 手机号: 15062396748, 已发送验证码：【824254】
2025-05-09 00:12:45.519 [AuthExecutor-1] INFO  com.yyt.heartverse.auth.sms.AliyunSmsHelper - ==> 开始短信发送, phone: 15062396748, signName: 阿里云短信测试, templateCode: SMS_154950909, templateParam: {"code":"824254"}
2025-05-09 00:12:45.524 [http-nio-8080-exec-2] INFO  c.y.f.b.operationlog.aspect.ApiOperationLogAspect - ====== 请求结束: [发送短信验证码], 耗时: 13ms, 出参: {"success":true,"message":null,"errorCode":null,"data":null} =================================== 
2025-05-09 00:12:46.541 [AuthExecutor-1] INFO  com.yyt.heartverse.auth.sms.AliyunSmsHelper - ==> 短信发送成功, response: {"headers":{"access-control-allow-origin":"*","date":"Thu, 08 May 2025 16:12:46 GMT","content-length":"110","keep-alive":"timeout=25","x-acs-request-id":"8CA6E04C-4FE9-542E-8EDD-B02ACADADE52","connection":"keep-alive","content-type":"application/json;charset=utf-8","etag":"1+S1qOeq+O7XwpmjP6UwZVw0","access-control-expose-headers":"*","x-acs-trace-id":"4b8597e57f7c02bef7f62362f5c3938d"},"statusCode":200,"body":{"bizId":"327617346720766063^0","code":"OK","message":"OK","requestId":"8CA6E04C-4FE9-542E-8EDD-B02ACADADE52"}}
2025-05-09 00:13:10.306 [http-nio-8080-exec-3] INFO  c.y.h.auth.filter.HeaderUserId2ContextFilter - ## HeaderUserId2ContextFilter, 用户 ID: null
2025-05-09 00:13:10.319 [http-nio-8080-exec-3] INFO  c.y.f.b.operationlog.aspect.ApiOperationLogAspect - ====== 请求开始: [用户登录/注册], 入参: {"phone":"15062396748","code":"824254","password":"123456","type":1}, 请求类: UserController, 请求方法: loginAndRegister =================================== 
2025-05-09 00:13:10.354 [http-nio-8080-exec-3] DEBUG c.y.h.a.domain.mapper.UserDOMapper.selectByPhone - ==>  Preparing: select id, password from t_user where phone = ?
2025-05-09 00:13:10.482 [http-nio-8080-exec-3] DEBUG c.y.h.a.domain.mapper.UserDOMapper.selectByPhone - ==> Parameters: 15062396748(String)
2025-05-09 00:13:10.514 [http-nio-8080-exec-3] DEBUG c.y.h.a.domain.mapper.UserDOMapper.selectByPhone - <==      Total: 1
2025-05-09 00:13:10.521 [http-nio-8080-exec-3] INFO  c.yyt.heartverse.auth.service.impl.UserServiceImpl - ==> 用户是否注册, phone: 15062396748, userDO: {"id":2,"heartverseId":null,"password":null,"nickname":null,"avatar":null,"birthday":null,"backgroundImg":null,"phone":null,"sex":null,"status":null,"introduction":null,"createTime":null,"updateTime":null,"isDeleted":null}
2025-05-09 00:13:10.576 [http-nio-8080-exec-3] INFO  c.y.f.b.operationlog.aspect.ApiOperationLogAspect - ====== 请求结束: [用户登录/注册], 耗时: 258ms, 出参: {"success":true,"message":null,"errorCode":null,"data":"90d389a0-9bab-4557-b38a-0343c4981f40"} =================================== 
2025-05-09 00:13:23.208 [http-nio-8080-exec-4] INFO  c.y.h.auth.filter.HeaderUserId2ContextFilter - ## HeaderUserId2ContextFilter, 用户 ID: 2
2025-05-09 00:13:23.208 [http-nio-8080-exec-4] INFO  c.y.h.auth.filter.HeaderUserId2ContextFilter - ===== 设置 userId 到 ThreadLocal 中， 用户 ID: 2
2025-05-09 00:13:23.209 [http-nio-8080-exec-4] INFO  c.y.f.b.operationlog.aspect.ApiOperationLogAspect - ====== 请求开始: [账号登出], 入参: , 请求类: UserController, 请求方法: logout =================================== 
2025-05-09 00:13:23.210 [http-nio-8080-exec-4] INFO  c.yyt.heartverse.auth.service.impl.UserServiceImpl - ==> 用户退出登录, userId: 2
2025-05-09 00:13:23.216 [http-nio-8080-exec-4] INFO  c.y.f.b.operationlog.aspect.ApiOperationLogAspect - ====== 请求结束: [账号登出], 耗时: 7ms, 出参: {"success":true,"message":null,"errorCode":null,"data":null} =================================== 
2025-05-09 00:13:23.218 [http-nio-8080-exec-4] INFO  c.y.h.auth.filter.HeaderUserId2ContextFilter - ===== 删除 ThreadLocal， userId: 2
2025-05-09 00:37:20.941 [Thread-9] WARN  com.alibaba.nacos.common.notify.NotifyCenter - [NotifyCenter] Start destroying Publisher
2025-05-09 00:37:20.941 [Thread-2] WARN  c.alibaba.nacos.common.http.HttpClientBeanHolder - [HttpClientBeanHolder] Start destroying common HttpClient
2025-05-09 00:37:20.941 [Thread-9] WARN  com.alibaba.nacos.common.notify.NotifyCenter - [NotifyCenter] Destruction of the end
2025-05-09 00:37:20.942 [Thread-2] WARN  c.alibaba.nacos.common.http.HttpClientBeanHolder - [HttpClientBeanHolder] Destruction of the end
2025-05-09 00:37:21.008 [SpringApplicationShutdownHook] INFO  c.a.cloud.nacos.registry.NacosServiceRegistry - De-registering from Nacos Server now...
2025-05-09 00:37:21.008 [SpringApplicationShutdownHook] INFO  com.alibaba.nacos.client.naming - [DEREGISTER-SERVICE] heartverse deregistering service heartverse-auth with instance: Instance{instanceId='null', ip='192.168.56.1', port=8080, weight=1.0, healthy=true, enabled=true, ephemeral=true, clusterName='DEFAULT', serviceName='null', metadata={}}
2025-05-09 00:37:21.010 [SpringApplicationShutdownHook] INFO  c.a.cloud.nacos.registry.NacosServiceRegistry - De-registration finished.
2025-05-09 00:37:21.010 [SpringApplicationShutdownHook] INFO  com.alibaba.nacos.client.naming - com.alibaba.nacos.client.naming.cache.ServiceInfoHolder do shutdown begin
2025-05-09 00:37:21.010 [SpringApplicationShutdownHook] INFO  com.alibaba.nacos.client.naming - com.alibaba.nacos.client.naming.backups.FailoverReactor do shutdown begin
2025-05-09 00:37:21.010 [SpringApplicationShutdownHook] INFO  com.alibaba.nacos.client.naming - com.alibaba.nacos.client.naming.backups.FailoverReactor do shutdown stop
2025-05-09 00:37:21.011 [SpringApplicationShutdownHook] INFO  com.alibaba.nacos.client.naming - com.alibaba.nacos.client.naming.cache.ServiceInfoHolder do shutdown stop
2025-05-09 00:37:21.011 [SpringApplicationShutdownHook] INFO  com.alibaba.nacos.client.naming - com.alibaba.nacos.client.naming.remote.NamingClientProxyDelegate do shutdown begin
2025-05-09 00:37:21.011 [SpringApplicationShutdownHook] INFO  com.alibaba.nacos.client.naming - com.alibaba.nacos.client.naming.core.ServiceInfoUpdateService do shutdown begin
2025-05-09 00:37:21.011 [SpringApplicationShutdownHook] INFO  com.alibaba.nacos.client.naming - com.alibaba.nacos.client.naming.core.ServiceInfoUpdateService do shutdown stop
2025-05-09 00:37:21.011 [SpringApplicationShutdownHook] INFO  com.alibaba.nacos.client.naming - com.alibaba.nacos.client.naming.core.ServerListManager do shutdown begin
2025-05-09 00:37:21.011 [SpringApplicationShutdownHook] WARN  com.alibaba.nacos.client.naming - [NamingHttpClientManager] Start destroying NacosRestTemplate
2025-05-09 00:37:21.011 [SpringApplicationShutdownHook] WARN  com.alibaba.nacos.client.naming - [NamingHttpClientManager] Destruction of the end
2025-05-09 00:37:21.011 [SpringApplicationShutdownHook] INFO  com.alibaba.nacos.client.naming - com.alibaba.nacos.client.naming.core.ServerListManager do shutdown stop
2025-05-09 00:37:21.011 [SpringApplicationShutdownHook] INFO  com.alibaba.nacos.client.naming - com.alibaba.nacos.client.naming.remote.http.NamingHttpClientProxy do shutdown begin
2025-05-09 00:37:21.011 [SpringApplicationShutdownHook] WARN  com.alibaba.nacos.client.naming - [NamingHttpClientManager] Start destroying NacosRestTemplate
2025-05-09 00:37:21.011 [SpringApplicationShutdownHook] WARN  com.alibaba.nacos.client.naming - [NamingHttpClientManager] Destruction of the end
2025-05-09 00:37:21.011 [SpringApplicationShutdownHook] INFO  com.alibaba.nacos.client.naming - com.alibaba.nacos.client.naming.remote.http.NamingHttpClientProxy do shutdown stop
2025-05-09 00:37:21.011 [SpringApplicationShutdownHook] INFO  com.alibaba.nacos.common.remote.client - Shutdown rpc client, set status to shutdown
2025-05-09 00:37:21.011 [SpringApplicationShutdownHook] INFO  com.alibaba.nacos.common.remote.client - Shutdown client event executor java.util.concurrent.ScheduledThreadPoolExecutor@33f4a7ed[Running, pool size = 2, active threads = 2, queued tasks = 0, completed tasks = 0]
2025-05-09 00:37:21.011 [SpringApplicationShutdownHook] INFO  com.alibaba.nacos.common.remote.client - Close current connection 1746720757732_127.0.0.1_60370
2025-05-09 00:37:21.013 [nacos-grpc-client-executor-127.0.0.1-308] INFO  c.a.nacos.common.remote.client.grpc.GrpcClient - [1746720757732_127.0.0.1_60370]Ignore complete event,isRunning:false,isAbandon=false
2025-05-09 00:37:21.015 [SpringApplicationShutdownHook] INFO  c.a.nacos.common.remote.client.grpc.GrpcClient - Shutdown grpc executor java.util.concurrent.ThreadPoolExecutor@74590c12[Running, pool size = 4, active threads = 0, queued tasks = 0, completed tasks = 309]
2025-05-09 00:37:21.015 [SpringApplicationShutdownHook] INFO  com.alibaba.nacos.client.naming - Shutdown grpc redo service executor java.util.concurrent.ScheduledThreadPoolExecutor@569c359e[Running, pool size = 1, active threads = 0, queued tasks = 1, completed tasks = 493]
2025-05-09 00:37:21.015 [SpringApplicationShutdownHook] INFO  c.a.n.client.auth.ram.identify.CredentialWatcher - [null] CredentialWatcher is stopped
2025-05-09 00:37:21.015 [SpringApplicationShutdownHook] INFO  c.a.n.client.auth.ram.identify.CredentialService - [null] CredentialService is freed
2025-05-09 00:37:21.016 [SpringApplicationShutdownHook] INFO  com.alibaba.nacos.client.naming - com.alibaba.nacos.client.naming.remote.NamingClientProxyDelegate do shutdown stop
2025-05-09 00:37:21.144 [SpringApplicationShutdownHook] INFO  com.alibaba.druid.pool.DruidDataSource - {dataSource-1} closing ...
2025-05-09 00:37:21.145 [SpringApplicationShutdownHook] INFO  com.alibaba.druid.pool.DruidDataSource - {dataSource-1} closed
2025-05-09 00:37:40.111 [main] WARN  com.alibaba.nacos.client.logging.NacosLogging - Load Logback Configuration of Nacos fail, message: Could not initialize Logback Nacos logging from classpath:nacos-logback.xml
2025-05-09 00:37:40.168 [main] WARN  com.alibaba.nacos.client.logging.NacosLogging - Load Logback Configuration of Nacos fail, message: Could not initialize Logback Nacos logging from classpath:nacos-logback.xml
2025-05-09 00:37:40.414 [main] WARN  com.alibaba.nacos.client.logging.NacosLogging - Load Logback Configuration of Nacos fail, message: Could not initialize Logback Nacos logging from classpath:nacos-logback.xml
2025-05-09 00:37:40.418 [main] INFO  com.alibaba.nacos.client.utils.ParamUtil - [settings] [req-serv] nacos-server port:8848
2025-05-09 00:37:40.419 [main] INFO  com.alibaba.nacos.client.utils.ParamUtil - [settings] [http-client] connect timeout:1000
2025-05-09 00:37:40.434 [main] INFO  com.alibaba.nacos.client.utils.ParamUtil - PER_TASK_CONFIG_SIZE: 3000.0
2025-05-09 00:37:40.460 [main] INFO  c.a.n.p.auth.spi.client.ClientAuthPluginManager - [ClientAuthPluginManager] Load ClientAuthService com.alibaba.nacos.client.auth.impl.NacosClientAuthServiceImpl success.
2025-05-09 00:37:40.460 [main] INFO  c.a.n.p.auth.spi.client.ClientAuthPluginManager - [ClientAuthPluginManager] Load ClientAuthService com.alibaba.nacos.client.auth.ram.RamClientAuthServiceImpl success.
2025-05-09 00:37:40.462 [main] INFO  c.a.n.client.auth.ram.identify.CredentialWatcher - null No credential found
2025-05-09 00:37:42.263 [main] WARN  com.alibaba.nacos.client.logging.NacosLogging - Load Logback Configuration of Nacos fail, message: Could not initialize Logback Nacos logging from classpath:nacos-logback.xml
2025-05-09 00:37:42.283 [main] INFO  c.a.n.client.config.impl.LocalConfigInfoProcessor - LOCAL_SNAPSHOT_PATH:C:\Users\86150\nacos\config
2025-05-09 00:37:42.287 [main] INFO  com.alibaba.nacos.common.remote.client - [RpcClientFactory] create a new rpc client of be59e889-852b-4383-a372-988122739839_config-0
2025-05-09 00:37:42.308 [main] INFO  com.alibaba.nacos.common.remote.client - [be59e889-852b-4383-a372-988122739839_config-0] Register server push request handler:com.alibaba.nacos.client.config.impl.ClientWorker$ConfigRpcTransportClient$$Lambda$573/0x0000013f5131ae60
2025-05-09 00:37:42.308 [main] INFO  com.alibaba.nacos.common.remote.client - [be59e889-852b-4383-a372-988122739839_config-0] Register server push request handler:com.alibaba.nacos.client.config.impl.ClientWorker$ConfigRpcTransportClient$$Lambda$574/0x0000013f5131b280
2025-05-09 00:37:42.309 [main] INFO  com.alibaba.nacos.common.remote.client - [be59e889-852b-4383-a372-988122739839_config-0] Registry connection listener to current client:com.alibaba.nacos.client.config.impl.ClientWorker$ConfigRpcTransportClient$1
2025-05-09 00:37:42.309 [main] INFO  com.alibaba.nacos.common.remote.client - [be59e889-852b-4383-a372-988122739839_config-0] RpcClient init, ServerListFactory = com.alibaba.nacos.client.config.impl.ClientWorker$ConfigRpcTransportClient$2
2025-05-09 00:37:42.318 [main] INFO  com.alibaba.nacos.common.remote.client - [be59e889-852b-4383-a372-988122739839_config-0] Try to connect to server on start up, server: {serverIp = '127.0.0.1', server main port = 8848}
2025-05-09 00:37:42.351 [main] INFO  c.a.nacos.common.remote.client.grpc.GrpcClient - grpc client connection server:127.0.0.1 ip,serverPort:9848,grpcTslConfig:{"sslProvider":"OPENSSL","enableTls":false,"mutualAuthEnable":false,"trustAll":false}
2025-05-09 00:37:44.041 [main] INFO  com.alibaba.nacos.common.remote.client - [be59e889-852b-4383-a372-988122739839_config-0] Success to connect to server [127.0.0.1:8848] on start up, connectionId = 1746722263691_127.0.0.1_64047
2025-05-09 00:37:44.048 [com.alibaba.nacos.client.remote.worker] INFO  com.alibaba.nacos.common.remote.client - [be59e889-852b-4383-a372-988122739839_config-0] Notify connected event to listeners.
2025-05-09 00:37:44.049 [com.alibaba.nacos.client.remote.worker] INFO  com.alibaba.nacos.client.config.impl.ClientWorker - [be59e889-852b-4383-a372-988122739839_config-0] Connected,notify listen context...
2025-05-09 00:37:44.052 [main] INFO  com.alibaba.nacos.common.remote.client - [be59e889-852b-4383-a372-988122739839_config-0] Register server push request handler:com.alibaba.nacos.common.remote.client.RpcClient$ConnectResetRequestHandler
2025-05-09 00:37:44.057 [main] INFO  com.alibaba.nacos.common.remote.client - [be59e889-852b-4383-a372-988122739839_config-0] Register server push request handler:com.alibaba.nacos.common.remote.client.RpcClient$$Lambda$594/0x0000013f51428f38
2025-05-09 00:37:44.267 [main] INFO  com.alibaba.nacos.client.config.impl.Limiter - limitTime:5.0
2025-05-09 00:37:44.303 [main] INFO  com.alibaba.nacos.client.config.utils.JvmUtil - isMultiInstance:false
2025-05-09 00:37:44.321 [main] WARN  c.a.cloud.nacos.client.NacosPropertySourceBuilder - Ignore the empty nacos configuration and get it based on dataId[heartverse-auth.yaml] & group[DEFAULT_GROUP]
2025-05-09 00:37:44.337 [main] INFO  o.s.c.b.c.PropertySourceBootstrapConfiguration - Located property source: [BootstrapPropertySource {name='bootstrapProperties-heartverse-auth-dev.yaml,DEFAULT_GROUP'}, BootstrapPropertySource {name='bootstrapProperties-heartverse-auth.yaml,DEFAULT_GROUP'}, BootstrapPropertySource {name='bootstrapProperties-heartverse-auth,DEFAULT_GROUP'}]
2025-05-09 00:37:44.392 [main] WARN  com.alibaba.nacos.client.logging.NacosLogging - Load Logback Configuration of Nacos fail, message: Could not initialize Logback Nacos logging from classpath:nacos-logback.xml
2025-05-09 00:37:44.393 [main] INFO  com.yyt.heartverse.auth.HeartverseAuthApplication - The following 1 profile is active: "dev"
2025-05-09 00:37:45.207 [main] INFO  o.s.d.r.config.RepositoryConfigurationDelegate - Multiple Spring Data modules found, entering strict repository configuration mode
2025-05-09 00:37:45.209 [main] INFO  o.s.d.r.config.RepositoryConfigurationDelegate - Bootstrapping Spring Data Redis repositories in DEFAULT mode.
2025-05-09 00:37:45.234 [main] INFO  o.s.d.r.config.RepositoryConfigurationDelegate - Finished Spring Data repository scanning in 13 ms. Found 0 Redis repository interfaces.
2025-05-09 00:37:45.352 [main] INFO  o.springframework.cloud.context.scope.GenericScope - BeanFactory id=c671c7eb-89f5-3184-8e2c-60946100d65c
2025-05-09 00:37:45.826 [main] INFO  o.s.boot.web.embedded.tomcat.TomcatWebServer - Tomcat initialized with port(s): 8080 (http)
2025-05-09 00:37:45.834 [main] INFO  org.apache.catalina.core.StandardService - Starting service [Tomcat]
2025-05-09 00:37:45.834 [main] INFO  org.apache.catalina.core.StandardEngine - Starting Servlet engine: [Apache Tomcat/10.1.5]
2025-05-09 00:37:45.905 [main] INFO  o.a.c.core.ContainerBase.[Tomcat].[localhost].[/] - Initializing Spring embedded WebApplicationContext
2025-05-09 00:37:45.905 [main] INFO  o.s.b.w.s.c.ServletWebServerApplicationContext - Root WebApplicationContext: initialization completed in 1489 ms
2025-05-09 00:37:45.992 [main] INFO  c.a.d.s.b.a.DruidDataSourceAutoConfigure - Init DruidDataSource
2025-05-09 00:37:46.276 [main] INFO  com.alibaba.druid.pool.DruidDataSource - {dataSource-1} inited
2025-05-09 00:37:48.753 [main] INFO  org.springframework.cloud.commons.util.InetUtils - Cannot determine local hostname
2025-05-09 00:37:51.294 [main] INFO  org.springframework.cloud.commons.util.InetUtils - Cannot determine local hostname
2025-05-09 00:37:51.378 [main] INFO  o.s.boot.web.embedded.tomcat.TomcatWebServer - Tomcat started on port(s): 8080 (http) with context path ''
2025-05-09 00:37:51.382 [main] INFO  com.alibaba.nacos.client.naming - initializer namespace from ans.namespace attribute : null
2025-05-09 00:37:51.382 [main] INFO  com.alibaba.nacos.client.naming - initializer namespace from ALIBABA_ALIWARE_NAMESPACE attribute :null
2025-05-09 00:37:51.383 [main] INFO  com.alibaba.nacos.client.naming - initializer namespace from namespace attribute :null
2025-05-09 00:37:51.390 [main] INFO  c.a.n.p.auth.spi.client.ClientAuthPluginManager - [ClientAuthPluginManager] Load ClientAuthService com.alibaba.nacos.client.auth.impl.NacosClientAuthServiceImpl success.
2025-05-09 00:37:51.390 [main] INFO  c.a.n.p.auth.spi.client.ClientAuthPluginManager - [ClientAuthPluginManager] Load ClientAuthService com.alibaba.nacos.client.auth.ram.RamClientAuthServiceImpl success.
2025-05-09 00:37:51.394 [main] INFO  com.alibaba.nacos.common.remote.client - [RpcClientFactory] create a new rpc client of 8700d41a-dde8-490c-8d4e-b832e62f2b6a
2025-05-09 00:37:51.396 [main] INFO  com.alibaba.nacos.common.remote.client - [8700d41a-dde8-490c-8d4e-b832e62f2b6a] RpcClient init, ServerListFactory = com.alibaba.nacos.client.naming.core.ServerListManager
2025-05-09 00:37:51.397 [main] INFO  com.alibaba.nacos.common.remote.client - [8700d41a-dde8-490c-8d4e-b832e62f2b6a] Registry connection listener to current client:com.alibaba.nacos.client.naming.remote.gprc.redo.NamingGrpcRedoService
2025-05-09 00:37:51.397 [main] INFO  com.alibaba.nacos.common.remote.client - [8700d41a-dde8-490c-8d4e-b832e62f2b6a] Register server push request handler:com.alibaba.nacos.client.naming.remote.gprc.NamingPushRequestHandler
2025-05-09 00:37:51.398 [main] INFO  com.alibaba.nacos.common.remote.client - [8700d41a-dde8-490c-8d4e-b832e62f2b6a] Try to connect to server on start up, server: {serverIp = '127.0.0.1', server main port = 8848}
2025-05-09 00:37:51.398 [main] INFO  c.a.nacos.common.remote.client.grpc.GrpcClient - grpc client connection server:127.0.0.1 ip,serverPort:9848,grpcTslConfig:{"sslProvider":"OPENSSL","enableTls":false,"mutualAuthEnable":false,"trustAll":false}
2025-05-09 00:37:51.515 [main] INFO  com.alibaba.nacos.common.remote.client - [8700d41a-dde8-490c-8d4e-b832e62f2b6a] Success to connect to server [127.0.0.1:8848] on start up, connectionId = 1746722271403_127.0.0.1_64056
2025-05-09 00:37:51.515 [com.alibaba.nacos.client.remote.worker] INFO  com.alibaba.nacos.common.remote.client - [8700d41a-dde8-490c-8d4e-b832e62f2b6a] Notify connected event to listeners.
2025-05-09 00:37:51.515 [main] INFO  com.alibaba.nacos.common.remote.client - [8700d41a-dde8-490c-8d4e-b832e62f2b6a] Register server push request handler:com.alibaba.nacos.common.remote.client.RpcClient$ConnectResetRequestHandler
2025-05-09 00:37:51.515 [com.alibaba.nacos.client.remote.worker] INFO  com.alibaba.nacos.client.naming - Grpc connection connect
2025-05-09 00:37:51.515 [main] INFO  com.alibaba.nacos.common.remote.client - [8700d41a-dde8-490c-8d4e-b832e62f2b6a] Register server push request handler:com.alibaba.nacos.common.remote.client.RpcClient$$Lambda$594/0x0000013f51428f38
2025-05-09 00:37:51.517 [main] INFO  com.alibaba.nacos.client.naming - [REGISTER-SERVICE] heartverse registering service heartverse-auth with instance Instance{instanceId='null', ip='192.168.56.1', port=8080, weight=1.0, healthy=true, enabled=true, ephemeral=true, clusterName='DEFAULT', serviceName='null', metadata={IPv6=null, preserved.register.source=SPRING_CLOUD}}
2025-05-09 00:37:51.527 [main] INFO  c.a.cloud.nacos.registry.NacosServiceRegistry - nacos registry, DEFAULT_GROUP heartverse-auth 192.168.56.1:8080 register finished
2025-05-09 00:37:53.193 [main] INFO  org.springframework.cloud.commons.util.InetUtils - Cannot determine local hostname
2025-05-09 00:37:53.207 [main] INFO  com.yyt.heartverse.auth.HeartverseAuthApplication - Started HeartverseAuthApplication in 15.417 seconds (process running for 16.905)
2025-05-09 00:37:53.208 [main] INFO  c.y.h.auth.runner.PushRolePermissions2RedisRunner - ==> 服务启动，开始同步角色权限数据到 Redis 中...
2025-05-09 00:37:53.641 [main] WARN  c.y.h.auth.runner.PushRolePermissions2RedisRunner - ==> 角色权限数据已经同步至 Redis 中，不再同步...
2025-05-09 00:37:53.643 [main] INFO  com.alibaba.nacos.client.config.impl.CacheData - nacos.cache.data.init.snapshot = true 
2025-05-09 00:37:53.644 [main] INFO  com.alibaba.nacos.client.config.impl.ClientWorker - [fixed-heartverse-127.0.0.1_8848] [subscribe] heartverse-auth.yaml+DEFAULT_GROUP+heartverse
2025-05-09 00:37:53.649 [main] INFO  com.alibaba.nacos.client.config.impl.CacheData - [fixed-heartverse-127.0.0.1_8848] [add-listener] ok, tenant=heartverse, dataId=heartverse-auth.yaml, group=DEFAULT_GROUP, cnt=1
2025-05-09 00:37:53.649 [main] INFO  c.a.cloud.nacos.refresh.NacosContextRefresher - [Nacos Config] Listening config: dataId=heartverse-auth.yaml, group=DEFAULT_GROUP
2025-05-09 00:37:53.651 [main] INFO  com.alibaba.nacos.client.config.impl.ClientWorker - [fixed-heartverse-127.0.0.1_8848] [subscribe] heartverse-auth+DEFAULT_GROUP+heartverse
2025-05-09 00:37:53.651 [main] INFO  com.alibaba.nacos.client.config.impl.CacheData - [fixed-heartverse-127.0.0.1_8848] [add-listener] ok, tenant=heartverse, dataId=heartverse-auth, group=DEFAULT_GROUP, cnt=1
2025-05-09 00:37:53.651 [main] INFO  c.a.cloud.nacos.refresh.NacosContextRefresher - [Nacos Config] Listening config: dataId=heartverse-auth, group=DEFAULT_GROUP
2025-05-09 00:37:53.653 [main] INFO  com.alibaba.nacos.client.config.impl.ClientWorker - [fixed-heartverse-127.0.0.1_8848] [subscribe] heartverse-auth-dev.yaml+DEFAULT_GROUP+heartverse
2025-05-09 00:37:53.653 [main] INFO  com.alibaba.nacos.client.config.impl.CacheData - [fixed-heartverse-127.0.0.1_8848] [add-listener] ok, tenant=heartverse, dataId=heartverse-auth-dev.yaml, group=DEFAULT_GROUP, cnt=1
2025-05-09 00:37:53.653 [main] INFO  c.a.cloud.nacos.refresh.NacosContextRefresher - [Nacos Config] Listening config: dataId=heartverse-auth-dev.yaml, group=DEFAULT_GROUP
2025-05-09 00:38:39.857 [http-nio-8080-exec-1] INFO  o.a.c.core.ContainerBase.[Tomcat].[localhost].[/] - Initializing Spring DispatcherServlet 'dispatcherServlet'
2025-05-09 00:38:39.857 [http-nio-8080-exec-1] INFO  org.springframework.web.servlet.DispatcherServlet - Initializing Servlet 'dispatcherServlet'
2025-05-09 00:38:39.858 [http-nio-8080-exec-1] INFO  org.springframework.web.servlet.DispatcherServlet - Completed initialization in 1 ms
2025-05-09 00:38:39.867 [http-nio-8080-exec-1] INFO  c.y.h.auth.filter.HeaderUserId2ContextFilter - ## HeaderUserId2ContextFilter, 用户 ID: null
2025-05-09 00:38:39.962 [http-nio-8080-exec-1] INFO  c.y.f.b.operationlog.aspect.ApiOperationLogAspect - ====== 请求开始: [发送短信验证码], 入参: {"phone":"15062396748"}, 请求类: VerificationCodeController, 请求方法: send =================================== 
2025-05-09 00:38:39.970 [http-nio-8080-exec-1] INFO  c.y.h.a.service.impl.VerificationCodeServiceImpl - ==> 手机号: 15062396748, 已发送验证码：【730927】
2025-05-09 00:38:39.971 [AuthExecutor-1] INFO  com.yyt.heartverse.auth.sms.AliyunSmsHelper - ==> 开始短信发送, phone: 15062396748, signName: 阿里云短信测试, templateCode: SMS_154950909, templateParam: {"code":"730927"}
2025-05-09 00:38:39.976 [http-nio-8080-exec-1] INFO  c.y.f.b.operationlog.aspect.ApiOperationLogAspect - ====== 请求结束: [发送短信验证码], 耗时: 14ms, 出参: {"success":true,"message":null,"errorCode":null,"data":null} =================================== 
2025-05-09 00:38:40.958 [AuthExecutor-1] INFO  com.yyt.heartverse.auth.sms.AliyunSmsHelper - ==> 短信发送成功, response: {"headers":{"access-control-allow-origin":"*","date":"Thu, 08 May 2025 16:38:40 GMT","content-length":"110","keep-alive":"timeout=25","x-acs-request-id":"2C93CBF9-CB8B-5E9A-9E26-451EC45EB584","connection":"keep-alive","content-type":"application/json;charset=utf-8","etag":"1mc72IOD5mKiDZ5uUYedKvQ0","access-control-expose-headers":"*","x-acs-trace-id":"e0a35c170e4fc8d3256ffac8e935f491"},"statusCode":200,"body":{"bizId":"437623046722320418^0","code":"OK","message":"OK","requestId":"2C93CBF9-CB8B-5E9A-9E26-451EC45EB584"}}
2025-05-09 00:39:02.772 [http-nio-8080-exec-2] INFO  c.y.h.auth.filter.HeaderUserId2ContextFilter - ## HeaderUserId2ContextFilter, 用户 ID: null
2025-05-09 00:39:02.779 [http-nio-8080-exec-2] INFO  c.y.f.b.operationlog.aspect.ApiOperationLogAspect - ====== 请求开始: [用户登录/注册], 入参: {"phone":"15062396748","code":"730927","password":"123456","type":1}, 请求类: UserController, 请求方法: loginAndRegister =================================== 
2025-05-09 00:39:02.807 [http-nio-8080-exec-2] DEBUG c.y.h.a.domain.mapper.UserDOMapper.selectByPhone - ==>  Preparing: select id, password from t_user where phone = ?
2025-05-09 00:39:02.922 [http-nio-8080-exec-2] DEBUG c.y.h.a.domain.mapper.UserDOMapper.selectByPhone - ==> Parameters: 15062396748(String)
2025-05-09 00:39:02.949 [http-nio-8080-exec-2] DEBUG c.y.h.a.domain.mapper.UserDOMapper.selectByPhone - <==      Total: 1
2025-05-09 00:39:02.955 [http-nio-8080-exec-2] INFO  c.yyt.heartverse.auth.service.impl.UserServiceImpl - ==> 用户是否注册, phone: 15062396748, userDO: {"id":2,"heartverseId":null,"password":null,"nickname":null,"avatar":null,"birthday":null,"backgroundImg":null,"phone":null,"sex":null,"status":null,"introduction":null,"createTime":null,"updateTime":null,"isDeleted":null}
2025-05-09 00:39:03.018 [http-nio-8080-exec-2] INFO  c.y.f.b.operationlog.aspect.ApiOperationLogAspect - ====== 请求结束: [用户登录/注册], 耗时: 240ms, 出参: {"success":true,"message":null,"errorCode":null,"data":"561648e3-158d-46b1-9c8f-eec4e0510247"} =================================== 
2025-05-09 00:39:10.357 [http-nio-8080-exec-7] INFO  c.y.h.auth.filter.HeaderUserId2ContextFilter - ## HeaderUserId2ContextFilter, 用户 ID: 2
2025-05-09 00:39:10.357 [http-nio-8080-exec-7] INFO  c.y.h.auth.filter.HeaderUserId2ContextFilter - ===== 设置 userId 到 ThreadLocal 中， 用户 ID: 2
2025-05-09 00:39:10.366 [http-nio-8080-exec-7] INFO  c.y.f.b.operationlog.aspect.ApiOperationLogAspect - ====== 请求开始: [修改密码], 入参: {"newPassword":"12345678"}, 请求类: UserController, 请求方法: updatePassword =================================== 
2025-05-09 00:39:10.466 [http-nio-8080-exec-7] DEBUG c.y.h.a.d.m.U.updateByPrimaryKeySelective - ==>  Preparing: update t_user SET `password` = ?, update_time = ? where id = ?
2025-05-09 00:39:10.471 [http-nio-8080-exec-7] DEBUG c.y.h.a.d.m.U.updateByPrimaryKeySelective - ==> Parameters: $2a$10$3poy1g/07SFrB7TOWYFWieKRKWvRGmvC3KUEF45J/W5Y14BP368Ge(String), 2025-05-09T00:39:10.449897700(LocalDateTime), 2(Long)
2025-05-09 00:39:10.496 [http-nio-8080-exec-7] DEBUG c.y.h.a.d.m.U.updateByPrimaryKeySelective - <==    Updates: 1
2025-05-09 00:39:10.497 [http-nio-8080-exec-7] INFO  c.y.f.b.operationlog.aspect.ApiOperationLogAspect - ====== 请求结束: [修改密码], 耗时: 133ms, 出参: {"success":true,"message":null,"errorCode":null,"data":null} =================================== 
2025-05-09 00:39:10.497 [http-nio-8080-exec-7] INFO  c.y.h.auth.filter.HeaderUserId2ContextFilter - ===== 删除 ThreadLocal， userId: 2
2025-05-09 00:43:33.724 [Thread-2] WARN  c.alibaba.nacos.common.http.HttpClientBeanHolder - [HttpClientBeanHolder] Start destroying common HttpClient
2025-05-09 00:43:33.724 [Thread-9] WARN  com.alibaba.nacos.common.notify.NotifyCenter - [NotifyCenter] Start destroying Publisher
2025-05-09 00:43:33.724 [Thread-9] WARN  com.alibaba.nacos.common.notify.NotifyCenter - [NotifyCenter] Destruction of the end
2025-05-09 00:43:33.725 [Thread-2] WARN  c.alibaba.nacos.common.http.HttpClientBeanHolder - [HttpClientBeanHolder] Destruction of the end
2025-05-09 00:43:33.783 [SpringApplicationShutdownHook] INFO  c.a.cloud.nacos.registry.NacosServiceRegistry - De-registering from Nacos Server now...
2025-05-09 00:43:33.783 [SpringApplicationShutdownHook] INFO  com.alibaba.nacos.client.naming - [DEREGISTER-SERVICE] heartverse deregistering service heartverse-auth with instance: Instance{instanceId='null', ip='192.168.56.1', port=8080, weight=1.0, healthy=true, enabled=true, ephemeral=true, clusterName='DEFAULT', serviceName='null', metadata={}}
2025-05-09 00:43:33.785 [SpringApplicationShutdownHook] INFO  c.a.cloud.nacos.registry.NacosServiceRegistry - De-registration finished.
2025-05-09 00:43:33.785 [SpringApplicationShutdownHook] INFO  com.alibaba.nacos.client.naming - com.alibaba.nacos.client.naming.cache.ServiceInfoHolder do shutdown begin
2025-05-09 00:43:33.785 [SpringApplicationShutdownHook] INFO  com.alibaba.nacos.client.naming - com.alibaba.nacos.client.naming.backups.FailoverReactor do shutdown begin
2025-05-09 00:43:33.786 [SpringApplicationShutdownHook] INFO  com.alibaba.nacos.client.naming - com.alibaba.nacos.client.naming.backups.FailoverReactor do shutdown stop
2025-05-09 00:43:33.786 [SpringApplicationShutdownHook] INFO  com.alibaba.nacos.client.naming - com.alibaba.nacos.client.naming.cache.ServiceInfoHolder do shutdown stop
2025-05-09 00:43:33.786 [SpringApplicationShutdownHook] INFO  com.alibaba.nacos.client.naming - com.alibaba.nacos.client.naming.remote.NamingClientProxyDelegate do shutdown begin
2025-05-09 00:43:33.786 [SpringApplicationShutdownHook] INFO  com.alibaba.nacos.client.naming - com.alibaba.nacos.client.naming.core.ServiceInfoUpdateService do shutdown begin
2025-05-09 00:43:33.786 [SpringApplicationShutdownHook] INFO  com.alibaba.nacos.client.naming - com.alibaba.nacos.client.naming.core.ServiceInfoUpdateService do shutdown stop
2025-05-09 00:43:33.786 [SpringApplicationShutdownHook] INFO  com.alibaba.nacos.client.naming - com.alibaba.nacos.client.naming.core.ServerListManager do shutdown begin
2025-05-09 00:43:33.786 [SpringApplicationShutdownHook] WARN  com.alibaba.nacos.client.naming - [NamingHttpClientManager] Start destroying NacosRestTemplate
2025-05-09 00:43:33.786 [SpringApplicationShutdownHook] WARN  com.alibaba.nacos.client.naming - [NamingHttpClientManager] Destruction of the end
2025-05-09 00:43:33.786 [SpringApplicationShutdownHook] INFO  com.alibaba.nacos.client.naming - com.alibaba.nacos.client.naming.core.ServerListManager do shutdown stop
2025-05-09 00:43:33.786 [SpringApplicationShutdownHook] INFO  com.alibaba.nacos.client.naming - com.alibaba.nacos.client.naming.remote.http.NamingHttpClientProxy do shutdown begin
2025-05-09 00:43:33.786 [SpringApplicationShutdownHook] WARN  com.alibaba.nacos.client.naming - [NamingHttpClientManager] Start destroying NacosRestTemplate
2025-05-09 00:43:33.786 [SpringApplicationShutdownHook] WARN  com.alibaba.nacos.client.naming - [NamingHttpClientManager] Destruction of the end
2025-05-09 00:43:33.786 [SpringApplicationShutdownHook] INFO  com.alibaba.nacos.client.naming - com.alibaba.nacos.client.naming.remote.http.NamingHttpClientProxy do shutdown stop
2025-05-09 00:43:33.786 [SpringApplicationShutdownHook] INFO  com.alibaba.nacos.common.remote.client - Shutdown rpc client, set status to shutdown
2025-05-09 00:43:33.786 [SpringApplicationShutdownHook] INFO  com.alibaba.nacos.common.remote.client - Shutdown client event executor java.util.concurrent.ScheduledThreadPoolExecutor@31d83dad[Running, pool size = 2, active threads = 2, queued tasks = 0, completed tasks = 0]
2025-05-09 00:43:33.786 [SpringApplicationShutdownHook] INFO  com.alibaba.nacos.common.remote.client - Close current connection 1746722271403_127.0.0.1_64056
2025-05-09 00:43:33.788 [nacos-grpc-client-executor-127.0.0.1-79] INFO  c.a.nacos.common.remote.client.grpc.GrpcClient - [1746722271403_127.0.0.1_64056]Ignore complete event,isRunning:false,isAbandon=false
2025-05-09 00:43:33.790 [SpringApplicationShutdownHook] INFO  c.a.nacos.common.remote.client.grpc.GrpcClient - Shutdown grpc executor java.util.concurrent.ThreadPoolExecutor@3d582846[Running, pool size = 4, active threads = 0, queued tasks = 0, completed tasks = 80]
2025-05-09 00:43:33.790 [SpringApplicationShutdownHook] INFO  com.alibaba.nacos.client.naming - Shutdown grpc redo service executor java.util.concurrent.ScheduledThreadPoolExecutor@2354e416[Running, pool size = 1, active threads = 0, queued tasks = 1, completed tasks = 113]
2025-05-09 00:43:33.790 [SpringApplicationShutdownHook] INFO  c.a.n.client.auth.ram.identify.CredentialWatcher - [null] CredentialWatcher is stopped
2025-05-09 00:43:33.790 [SpringApplicationShutdownHook] INFO  c.a.n.client.auth.ram.identify.CredentialService - [null] CredentialService is freed
2025-05-09 00:43:33.790 [SpringApplicationShutdownHook] INFO  com.alibaba.nacos.client.naming - com.alibaba.nacos.client.naming.remote.NamingClientProxyDelegate do shutdown stop
2025-05-09 00:43:33.919 [SpringApplicationShutdownHook] INFO  com.alibaba.druid.pool.DruidDataSource - {dataSource-1} closing ...
2025-05-09 00:43:33.940 [SpringApplicationShutdownHook] INFO  com.alibaba.druid.pool.DruidDataSource - {dataSource-1} closed
2025-05-09 00:43:43.745 [main] WARN  com.alibaba.nacos.client.logging.NacosLogging - Load Logback Configuration of Nacos fail, message: Could not initialize Logback Nacos logging from classpath:nacos-logback.xml
2025-05-09 00:43:43.808 [main] WARN  com.alibaba.nacos.client.logging.NacosLogging - Load Logback Configuration of Nacos fail, message: Could not initialize Logback Nacos logging from classpath:nacos-logback.xml
2025-05-09 00:43:44.023 [main] WARN  com.alibaba.nacos.client.logging.NacosLogging - Load Logback Configuration of Nacos fail, message: Could not initialize Logback Nacos logging from classpath:nacos-logback.xml
2025-05-09 00:43:44.025 [main] INFO  com.alibaba.nacos.client.utils.ParamUtil - [settings] [req-serv] nacos-server port:8848
2025-05-09 00:43:44.025 [main] INFO  com.alibaba.nacos.client.utils.ParamUtil - [settings] [http-client] connect timeout:1000
2025-05-09 00:43:44.026 [main] INFO  com.alibaba.nacos.client.utils.ParamUtil - PER_TASK_CONFIG_SIZE: 3000.0
2025-05-09 00:43:44.043 [main] INFO  c.a.n.p.auth.spi.client.ClientAuthPluginManager - [ClientAuthPluginManager] Load ClientAuthService com.alibaba.nacos.client.auth.impl.NacosClientAuthServiceImpl success.
2025-05-09 00:43:44.043 [main] INFO  c.a.n.p.auth.spi.client.ClientAuthPluginManager - [ClientAuthPluginManager] Load ClientAuthService com.alibaba.nacos.client.auth.ram.RamClientAuthServiceImpl success.
2025-05-09 00:43:44.045 [main] INFO  c.a.n.client.auth.ram.identify.CredentialWatcher - null No credential found
2025-05-09 00:43:45.993 [main] WARN  com.alibaba.nacos.client.logging.NacosLogging - Load Logback Configuration of Nacos fail, message: Could not initialize Logback Nacos logging from classpath:nacos-logback.xml
2025-05-09 00:43:46.018 [main] INFO  c.a.n.client.config.impl.LocalConfigInfoProcessor - LOCAL_SNAPSHOT_PATH:C:\Users\86150\nacos\config
2025-05-09 00:43:46.028 [main] INFO  com.alibaba.nacos.common.remote.client - [RpcClientFactory] create a new rpc client of ead52458-fde2-4b08-81e8-090c8a7764d7_config-0
2025-05-09 00:43:46.067 [main] INFO  com.alibaba.nacos.common.remote.client - [ead52458-fde2-4b08-81e8-090c8a7764d7_config-0] Register server push request handler:com.alibaba.nacos.client.config.impl.ClientWorker$ConfigRpcTransportClient$$Lambda$585/0x0000023f2f33b338
2025-05-09 00:43:46.068 [main] INFO  com.alibaba.nacos.common.remote.client - [ead52458-fde2-4b08-81e8-090c8a7764d7_config-0] Register server push request handler:com.alibaba.nacos.client.config.impl.ClientWorker$ConfigRpcTransportClient$$Lambda$586/0x0000023f2f33b758
2025-05-09 00:43:46.069 [main] INFO  com.alibaba.nacos.common.remote.client - [ead52458-fde2-4b08-81e8-090c8a7764d7_config-0] Registry connection listener to current client:com.alibaba.nacos.client.config.impl.ClientWorker$ConfigRpcTransportClient$1
2025-05-09 00:43:46.070 [main] INFO  com.alibaba.nacos.common.remote.client - [ead52458-fde2-4b08-81e8-090c8a7764d7_config-0] RpcClient init, ServerListFactory = com.alibaba.nacos.client.config.impl.ClientWorker$ConfigRpcTransportClient$2
2025-05-09 00:43:46.084 [main] INFO  com.alibaba.nacos.common.remote.client - [ead52458-fde2-4b08-81e8-090c8a7764d7_config-0] Try to connect to server on start up, server: {serverIp = '127.0.0.1', server main port = 8848}
2025-05-09 00:43:46.121 [main] INFO  c.a.nacos.common.remote.client.grpc.GrpcClient - grpc client connection server:127.0.0.1 ip,serverPort:9848,grpcTslConfig:{"sslProvider":"OPENSSL","enableTls":false,"mutualAuthEnable":false,"trustAll":false}
2025-05-09 00:43:47.535 [main] INFO  com.alibaba.nacos.common.remote.client - [ead52458-fde2-4b08-81e8-090c8a7764d7_config-0] Success to connect to server [127.0.0.1:8848] on start up, connectionId = 1746722627349_127.0.0.1_65016
2025-05-09 00:43:47.537 [com.alibaba.nacos.client.remote.worker] INFO  com.alibaba.nacos.common.remote.client - [ead52458-fde2-4b08-81e8-090c8a7764d7_config-0] Notify connected event to listeners.
2025-05-09 00:43:47.537 [com.alibaba.nacos.client.remote.worker] INFO  com.alibaba.nacos.client.config.impl.ClientWorker - [ead52458-fde2-4b08-81e8-090c8a7764d7_config-0] Connected,notify listen context...
2025-05-09 00:43:47.539 [main] INFO  com.alibaba.nacos.common.remote.client - [ead52458-fde2-4b08-81e8-090c8a7764d7_config-0] Register server push request handler:com.alibaba.nacos.common.remote.client.RpcClient$ConnectResetRequestHandler
2025-05-09 00:43:47.540 [main] INFO  com.alibaba.nacos.common.remote.client - [ead52458-fde2-4b08-81e8-090c8a7764d7_config-0] Register server push request handler:com.alibaba.nacos.common.remote.client.RpcClient$$Lambda$606/0x0000023f2f448f38
2025-05-09 00:43:47.592 [main] INFO  com.alibaba.nacos.client.config.impl.Limiter - limitTime:5.0
2025-05-09 00:43:47.608 [main] INFO  com.alibaba.nacos.client.config.utils.JvmUtil - isMultiInstance:false
2025-05-09 00:43:47.619 [main] WARN  c.a.cloud.nacos.client.NacosPropertySourceBuilder - Ignore the empty nacos configuration and get it based on dataId[heartverse-auth.yaml] & group[DEFAULT_GROUP]
2025-05-09 00:43:47.629 [main] INFO  o.s.c.b.c.PropertySourceBootstrapConfiguration - Located property source: [BootstrapPropertySource {name='bootstrapProperties-heartverse-auth-dev.yaml,DEFAULT_GROUP'}, BootstrapPropertySource {name='bootstrapProperties-heartverse-auth.yaml,DEFAULT_GROUP'}, BootstrapPropertySource {name='bootstrapProperties-heartverse-auth,DEFAULT_GROUP'}]
2025-05-09 00:43:47.651 [main] WARN  com.alibaba.nacos.client.logging.NacosLogging - Load Logback Configuration of Nacos fail, message: Could not initialize Logback Nacos logging from classpath:nacos-logback.xml
2025-05-09 00:43:47.652 [main] INFO  com.yyt.heartverse.auth.HeartverseAuthApplication - The following 1 profile is active: "dev"
2025-05-09 00:43:48.227 [main] INFO  o.s.d.r.config.RepositoryConfigurationDelegate - Multiple Spring Data modules found, entering strict repository configuration mode
2025-05-09 00:43:48.230 [main] INFO  o.s.d.r.config.RepositoryConfigurationDelegate - Bootstrapping Spring Data Redis repositories in DEFAULT mode.
2025-05-09 00:43:48.256 [main] INFO  o.s.d.r.config.RepositoryConfigurationDelegate - Finished Spring Data repository scanning in 15 ms. Found 0 Redis repository interfaces.
2025-05-09 00:43:48.381 [main] INFO  o.springframework.cloud.context.scope.GenericScope - BeanFactory id=c671c7eb-89f5-3184-8e2c-60946100d65c
2025-05-09 00:43:48.721 [main] INFO  o.s.boot.web.embedded.tomcat.TomcatWebServer - Tomcat initialized with port(s): 8080 (http)
2025-05-09 00:43:48.728 [main] INFO  org.apache.catalina.core.StandardService - Starting service [Tomcat]
2025-05-09 00:43:48.728 [main] INFO  org.apache.catalina.core.StandardEngine - Starting Servlet engine: [Apache Tomcat/10.1.5]
2025-05-09 00:43:48.798 [main] INFO  o.a.c.core.ContainerBase.[Tomcat].[localhost].[/] - Initializing Spring embedded WebApplicationContext
2025-05-09 00:43:48.799 [main] INFO  o.s.b.w.s.c.ServletWebServerApplicationContext - Root WebApplicationContext: initialization completed in 1129 ms
2025-05-09 00:43:48.885 [main] INFO  c.a.d.s.b.a.DruidDataSourceAutoConfigure - Init DruidDataSource
2025-05-09 00:43:49.139 [main] INFO  com.alibaba.druid.pool.DruidDataSource - {dataSource-1} inited
2025-05-09 00:43:51.536 [main] INFO  org.springframework.cloud.commons.util.InetUtils - Cannot determine local hostname
2025-05-09 00:43:53.989 [main] INFO  org.springframework.cloud.commons.util.InetUtils - Cannot determine local hostname
2025-05-09 00:43:54.054 [main] INFO  o.s.boot.web.embedded.tomcat.TomcatWebServer - Tomcat started on port(s): 8080 (http) with context path ''
2025-05-09 00:43:54.057 [main] INFO  com.alibaba.nacos.client.naming - initializer namespace from ans.namespace attribute : null
2025-05-09 00:43:54.057 [main] INFO  com.alibaba.nacos.client.naming - initializer namespace from ALIBABA_ALIWARE_NAMESPACE attribute :null
2025-05-09 00:43:54.058 [main] INFO  com.alibaba.nacos.client.naming - initializer namespace from namespace attribute :null
2025-05-09 00:43:54.064 [main] INFO  c.a.n.p.auth.spi.client.ClientAuthPluginManager - [ClientAuthPluginManager] Load ClientAuthService com.alibaba.nacos.client.auth.impl.NacosClientAuthServiceImpl success.
2025-05-09 00:43:54.064 [main] INFO  c.a.n.p.auth.spi.client.ClientAuthPluginManager - [ClientAuthPluginManager] Load ClientAuthService com.alibaba.nacos.client.auth.ram.RamClientAuthServiceImpl success.
2025-05-09 00:43:54.067 [main] INFO  com.alibaba.nacos.common.remote.client - [RpcClientFactory] create a new rpc client of 14eaa51d-7c6c-40e1-b7ad-a9eff54a8a6f
2025-05-09 00:43:54.069 [main] INFO  com.alibaba.nacos.common.remote.client - [14eaa51d-7c6c-40e1-b7ad-a9eff54a8a6f] RpcClient init, ServerListFactory = com.alibaba.nacos.client.naming.core.ServerListManager
2025-05-09 00:43:54.069 [main] INFO  com.alibaba.nacos.common.remote.client - [14eaa51d-7c6c-40e1-b7ad-a9eff54a8a6f] Registry connection listener to current client:com.alibaba.nacos.client.naming.remote.gprc.redo.NamingGrpcRedoService
2025-05-09 00:43:54.069 [main] INFO  com.alibaba.nacos.common.remote.client - [14eaa51d-7c6c-40e1-b7ad-a9eff54a8a6f] Register server push request handler:com.alibaba.nacos.client.naming.remote.gprc.NamingPushRequestHandler
2025-05-09 00:43:54.070 [main] INFO  com.alibaba.nacos.common.remote.client - [14eaa51d-7c6c-40e1-b7ad-a9eff54a8a6f] Try to connect to server on start up, server: {serverIp = '127.0.0.1', server main port = 8848}
2025-05-09 00:43:54.070 [main] INFO  c.a.nacos.common.remote.client.grpc.GrpcClient - grpc client connection server:127.0.0.1 ip,serverPort:9848,grpcTslConfig:{"sslProvider":"OPENSSL","enableTls":false,"mutualAuthEnable":false,"trustAll":false}
2025-05-09 00:43:54.179 [main] INFO  com.alibaba.nacos.common.remote.client - [14eaa51d-7c6c-40e1-b7ad-a9eff54a8a6f] Success to connect to server [127.0.0.1:8848] on start up, connectionId = 1746722634074_127.0.0.1_65024
2025-05-09 00:43:54.180 [main] INFO  com.alibaba.nacos.common.remote.client - [14eaa51d-7c6c-40e1-b7ad-a9eff54a8a6f] Register server push request handler:com.alibaba.nacos.common.remote.client.RpcClient$ConnectResetRequestHandler
2025-05-09 00:43:54.180 [com.alibaba.nacos.client.remote.worker] INFO  com.alibaba.nacos.common.remote.client - [14eaa51d-7c6c-40e1-b7ad-a9eff54a8a6f] Notify connected event to listeners.
2025-05-09 00:43:54.180 [main] INFO  com.alibaba.nacos.common.remote.client - [14eaa51d-7c6c-40e1-b7ad-a9eff54a8a6f] Register server push request handler:com.alibaba.nacos.common.remote.client.RpcClient$$Lambda$606/0x0000023f2f448f38
2025-05-09 00:43:54.180 [com.alibaba.nacos.client.remote.worker] INFO  com.alibaba.nacos.client.naming - Grpc connection connect
2025-05-09 00:43:54.183 [main] INFO  com.alibaba.nacos.client.naming - [REGISTER-SERVICE] heartverse registering service heartverse-auth with instance Instance{instanceId='null', ip='192.168.56.1', port=8080, weight=1.0, healthy=true, enabled=true, ephemeral=true, clusterName='DEFAULT', serviceName='null', metadata={IPv6=null, preserved.register.source=SPRING_CLOUD}}
2025-05-09 00:43:54.208 [main] INFO  c.a.cloud.nacos.registry.NacosServiceRegistry - nacos registry, DEFAULT_GROUP heartverse-auth 192.168.56.1:8080 register finished
2025-05-09 00:43:55.857 [main] INFO  org.springframework.cloud.commons.util.InetUtils - Cannot determine local hostname
2025-05-09 00:43:55.874 [main] INFO  com.yyt.heartverse.auth.HeartverseAuthApplication - Started HeartverseAuthApplication in 14.278 seconds (process running for 15.52)
2025-05-09 00:43:55.875 [main] INFO  c.y.h.auth.runner.PushRolePermissions2RedisRunner - ==> 服务启动，开始同步角色权限数据到 Redis 中...
2025-05-09 00:43:56.322 [main] WARN  c.y.h.auth.runner.PushRolePermissions2RedisRunner - ==> 角色权限数据已经同步至 Redis 中，不再同步...
2025-05-09 00:43:56.324 [main] INFO  com.alibaba.nacos.client.config.impl.CacheData - nacos.cache.data.init.snapshot = true 
2025-05-09 00:43:56.324 [main] INFO  com.alibaba.nacos.client.config.impl.ClientWorker - [fixed-heartverse-127.0.0.1_8848] [subscribe] heartverse-auth.yaml+DEFAULT_GROUP+heartverse
2025-05-09 00:43:56.330 [main] INFO  com.alibaba.nacos.client.config.impl.CacheData - [fixed-heartverse-127.0.0.1_8848] [add-listener] ok, tenant=heartverse, dataId=heartverse-auth.yaml, group=DEFAULT_GROUP, cnt=1
2025-05-09 00:43:56.330 [main] INFO  c.a.cloud.nacos.refresh.NacosContextRefresher - [Nacos Config] Listening config: dataId=heartverse-auth.yaml, group=DEFAULT_GROUP
2025-05-09 00:43:56.332 [main] INFO  com.alibaba.nacos.client.config.impl.ClientWorker - [fixed-heartverse-127.0.0.1_8848] [subscribe] heartverse-auth+DEFAULT_GROUP+heartverse
2025-05-09 00:43:56.332 [main] INFO  com.alibaba.nacos.client.config.impl.CacheData - [fixed-heartverse-127.0.0.1_8848] [add-listener] ok, tenant=heartverse, dataId=heartverse-auth, group=DEFAULT_GROUP, cnt=1
2025-05-09 00:43:56.332 [main] INFO  c.a.cloud.nacos.refresh.NacosContextRefresher - [Nacos Config] Listening config: dataId=heartverse-auth, group=DEFAULT_GROUP
2025-05-09 00:43:56.333 [main] INFO  com.alibaba.nacos.client.config.impl.ClientWorker - [fixed-heartverse-127.0.0.1_8848] [subscribe] heartverse-auth-dev.yaml+DEFAULT_GROUP+heartverse
2025-05-09 00:43:56.333 [main] INFO  com.alibaba.nacos.client.config.impl.CacheData - [fixed-heartverse-127.0.0.1_8848] [add-listener] ok, tenant=heartverse, dataId=heartverse-auth-dev.yaml, group=DEFAULT_GROUP, cnt=1
2025-05-09 00:43:56.333 [main] INFO  c.a.cloud.nacos.refresh.NacosContextRefresher - [Nacos Config] Listening config: dataId=heartverse-auth-dev.yaml, group=DEFAULT_GROUP
2025-05-09 00:44:13.401 [http-nio-8080-exec-1] INFO  o.a.c.core.ContainerBase.[Tomcat].[localhost].[/] - Initializing Spring DispatcherServlet 'dispatcherServlet'
2025-05-09 00:44:13.401 [http-nio-8080-exec-1] INFO  org.springframework.web.servlet.DispatcherServlet - Initializing Servlet 'dispatcherServlet'
2025-05-09 00:44:13.402 [http-nio-8080-exec-1] INFO  org.springframework.web.servlet.DispatcherServlet - Completed initialization in 1 ms
2025-05-09 00:44:13.409 [http-nio-8080-exec-1] INFO  c.y.h.auth.filter.HeaderUserId2ContextFilter - ## HeaderUserId2ContextFilter, 用户 ID: 2
2025-05-09 00:44:13.409 [http-nio-8080-exec-1] INFO  c.y.h.auth.filter.HeaderUserId2ContextFilter - ===== 设置 userId 到 ThreadLocal 中， 用户 ID: 2
2025-05-09 00:44:13.434 [http-nio-8080-exec-1] INFO  c.y.f.b.operationlog.aspect.ApiOperationLogAspect - ====== 请求开始: [账号登出], 入参: , 请求类: UserController, 请求方法: logout =================================== 
2025-05-09 00:44:13.434 [http-nio-8080-exec-1] INFO  c.yyt.heartverse.auth.service.impl.UserServiceImpl - ==> 用户退出登录, userId: 2
2025-05-09 00:44:13.479 [http-nio-8080-exec-1] INFO  c.y.f.b.operationlog.aspect.ApiOperationLogAspect - ====== 请求结束: [账号登出], 耗时: 46ms, 出参: {"success":true,"message":null,"errorCode":null,"data":null} =================================== 
2025-05-09 00:44:13.500 [http-nio-8080-exec-1] INFO  c.y.h.auth.filter.HeaderUserId2ContextFilter - ===== 删除 ThreadLocal， userId: 2
2025-05-09 00:44:19.685 [http-nio-8080-exec-4] INFO  c.y.h.auth.filter.HeaderUserId2ContextFilter - ## HeaderUserId2ContextFilter, 用户 ID: null
2025-05-09 00:44:19.742 [http-nio-8080-exec-4] INFO  c.y.f.b.operationlog.aspect.ApiOperationLogAspect - ====== 请求开始: [用户登录/注册], 入参: {"phone":"15062396748","code":null,"password":"12345678","type":2}, 请求类: UserController, 请求方法: loginAndRegister =================================== 
2025-05-09 00:44:19.761 [http-nio-8080-exec-4] DEBUG c.y.h.a.domain.mapper.UserDOMapper.selectByPhone - ==>  Preparing: select id, password from t_user where phone = ?
2025-05-09 00:44:19.869 [http-nio-8080-exec-4] DEBUG c.y.h.a.domain.mapper.UserDOMapper.selectByPhone - ==> Parameters: 15062396748(String)
2025-05-09 00:44:19.891 [http-nio-8080-exec-4] DEBUG c.y.h.a.domain.mapper.UserDOMapper.selectByPhone - <==      Total: 1
2025-05-09 00:44:19.995 [http-nio-8080-exec-4] INFO  c.y.f.b.operationlog.aspect.ApiOperationLogAspect - ====== 请求结束: [用户登录/注册], 耗时: 254ms, 出参: {"success":true,"message":null,"errorCode":null,"data":"7241ef50-371f-49a0-ba95-ce884e5faa29"} =================================== 
2025-05-09 00:44:51.195 [Thread-2] WARN  c.alibaba.nacos.common.http.HttpClientBeanHolder - [HttpClientBeanHolder] Start destroying common HttpClient
2025-05-09 00:44:51.195 [Thread-9] WARN  com.alibaba.nacos.common.notify.NotifyCenter - [NotifyCenter] Start destroying Publisher
2025-05-09 00:44:51.195 [Thread-9] WARN  com.alibaba.nacos.common.notify.NotifyCenter - [NotifyCenter] Destruction of the end
2025-05-09 00:44:51.195 [Thread-2] WARN  c.alibaba.nacos.common.http.HttpClientBeanHolder - [HttpClientBeanHolder] Destruction of the end
2025-05-09 00:44:51.259 [SpringApplicationShutdownHook] INFO  c.a.cloud.nacos.registry.NacosServiceRegistry - De-registering from Nacos Server now...
2025-05-09 00:44:51.259 [SpringApplicationShutdownHook] INFO  com.alibaba.nacos.client.naming - [DEREGISTER-SERVICE] heartverse deregistering service heartverse-auth with instance: Instance{instanceId='null', ip='192.168.56.1', port=8080, weight=1.0, healthy=true, enabled=true, ephemeral=true, clusterName='DEFAULT', serviceName='null', metadata={}}
2025-05-09 00:44:51.259 [SpringApplicationShutdownHook] INFO  c.a.cloud.nacos.registry.NacosServiceRegistry - De-registration finished.
2025-05-09 00:44:51.259 [SpringApplicationShutdownHook] INFO  com.alibaba.nacos.client.naming - com.alibaba.nacos.client.naming.cache.ServiceInfoHolder do shutdown begin
2025-05-09 00:44:51.259 [SpringApplicationShutdownHook] INFO  com.alibaba.nacos.client.naming - com.alibaba.nacos.client.naming.backups.FailoverReactor do shutdown begin
2025-05-09 00:44:51.259 [SpringApplicationShutdownHook] INFO  com.alibaba.nacos.client.naming - com.alibaba.nacos.client.naming.backups.FailoverReactor do shutdown stop
2025-05-09 00:44:51.259 [SpringApplicationShutdownHook] INFO  com.alibaba.nacos.client.naming - com.alibaba.nacos.client.naming.cache.ServiceInfoHolder do shutdown stop
2025-05-09 00:44:51.259 [SpringApplicationShutdownHook] INFO  com.alibaba.nacos.client.naming - com.alibaba.nacos.client.naming.remote.NamingClientProxyDelegate do shutdown begin
2025-05-09 00:44:51.259 [SpringApplicationShutdownHook] INFO  com.alibaba.nacos.client.naming - com.alibaba.nacos.client.naming.core.ServiceInfoUpdateService do shutdown begin
2025-05-09 00:44:51.259 [SpringApplicationShutdownHook] INFO  com.alibaba.nacos.client.naming - com.alibaba.nacos.client.naming.core.ServiceInfoUpdateService do shutdown stop
2025-05-09 00:44:51.259 [SpringApplicationShutdownHook] INFO  com.alibaba.nacos.client.naming - com.alibaba.nacos.client.naming.core.ServerListManager do shutdown begin
2025-05-09 00:44:51.259 [SpringApplicationShutdownHook] WARN  com.alibaba.nacos.client.naming - [NamingHttpClientManager] Start destroying NacosRestTemplate
2025-05-09 00:44:51.259 [SpringApplicationShutdownHook] WARN  com.alibaba.nacos.client.naming - [NamingHttpClientManager] Destruction of the end
2025-05-09 00:44:51.259 [SpringApplicationShutdownHook] INFO  com.alibaba.nacos.client.naming - com.alibaba.nacos.client.naming.core.ServerListManager do shutdown stop
2025-05-09 00:44:51.259 [SpringApplicationShutdownHook] INFO  com.alibaba.nacos.client.naming - com.alibaba.nacos.client.naming.remote.http.NamingHttpClientProxy do shutdown begin
2025-05-09 00:44:51.259 [SpringApplicationShutdownHook] WARN  com.alibaba.nacos.client.naming - [NamingHttpClientManager] Start destroying NacosRestTemplate
2025-05-09 00:44:51.259 [SpringApplicationShutdownHook] WARN  com.alibaba.nacos.client.naming - [NamingHttpClientManager] Destruction of the end
2025-05-09 00:44:51.259 [SpringApplicationShutdownHook] INFO  com.alibaba.nacos.client.naming - com.alibaba.nacos.client.naming.remote.http.NamingHttpClientProxy do shutdown stop
2025-05-09 00:44:51.259 [SpringApplicationShutdownHook] INFO  com.alibaba.nacos.common.remote.client - Shutdown rpc client, set status to shutdown
2025-05-09 00:44:51.259 [SpringApplicationShutdownHook] INFO  com.alibaba.nacos.common.remote.client - Shutdown client event executor java.util.concurrent.ScheduledThreadPoolExecutor@762fc04a[Running, pool size = 2, active threads = 2, queued tasks = 0, completed tasks = 0]
2025-05-09 00:44:51.259 [SpringApplicationShutdownHook] INFO  com.alibaba.nacos.common.remote.client - Close current connection 1746722634074_127.0.0.1_65024
2025-05-09 00:44:51.259 [nacos-grpc-client-executor-127.0.0.1-18] INFO  c.a.nacos.common.remote.client.grpc.GrpcClient - [1746722634074_127.0.0.1_65024]Ignore complete event,isRunning:false,isAbandon=false
2025-05-09 00:44:51.259 [SpringApplicationShutdownHook] INFO  c.a.nacos.common.remote.client.grpc.GrpcClient - Shutdown grpc executor java.util.concurrent.ThreadPoolExecutor@1b3e452c[Running, pool size = 4, active threads = 0, queued tasks = 0, completed tasks = 19]
2025-05-09 00:44:51.259 [SpringApplicationShutdownHook] INFO  com.alibaba.nacos.client.naming - Shutdown grpc redo service executor java.util.concurrent.ScheduledThreadPoolExecutor@4fc44db[Running, pool size = 1, active threads = 0, queued tasks = 1, completed tasks = 19]
2025-05-09 00:44:51.259 [SpringApplicationShutdownHook] INFO  c.a.n.client.auth.ram.identify.CredentialWatcher - [null] CredentialWatcher is stopped
2025-05-09 00:44:51.259 [SpringApplicationShutdownHook] INFO  c.a.n.client.auth.ram.identify.CredentialService - [null] CredentialService is freed
2025-05-09 00:44:51.259 [SpringApplicationShutdownHook] INFO  com.alibaba.nacos.client.naming - com.alibaba.nacos.client.naming.remote.NamingClientProxyDelegate do shutdown stop
2025-05-09 00:44:51.395 [SpringApplicationShutdownHook] INFO  com.alibaba.druid.pool.DruidDataSource - {dataSource-1} closing ...
2025-05-09 00:44:51.404 [SpringApplicationShutdownHook] INFO  com.alibaba.druid.pool.DruidDataSource - {dataSource-1} closed
